{"name": "Создание заказа", "status": "failed", "statusDetails": {"message": "AssertionError: assert 500 == 201\n +  where 500 = <Response [500]>.status_code", "trace": "self = <tests.test_create_order.TestCreateOrder object at 0x000001C095903B10>, color = 'BLACK', expected_track = True\n\n    @pytest.mark.parametrize(\"color, expected_track\", [\n        (\"BLACK\", True),\n        (\"GREY\", True),\n        (\"BLACK,GREY\", True),\n        (None, True),  # Тест без указания цвета\n    ])\n    @allure.title('Создание заказа')\n    def test_create_order(self, color, expected_track):\n        if color:\n            self.test_data[\"order_data\"][\"color\"] = color\n        else:\n            self.test_data[\"order_data\"].pop(\"color\", None)\n    \n        response = requests.post(f'{url.SQOOTER_URL}/api/v1/orders/', json=self.test_data[\"order_data\"])\n    \n>       assert response.status_code == 201  # Проверка успешного создания заказа\nE       assert 500 == 201\nE        +  where 500 = <Response [500]>.status_code\n\ntests\\test_create_order.py:43: AssertionError"}, "parameters": [{"name": "color", "value": "'BLACK'"}, {"name": "expected_track", "value": "True"}], "start": 1722544184423, "stop": 1722544185036, "uuid": "c5ba5eae-c5b8-447c-878f-f0206e6e6f3d", "historyId": "305e877a13a767a7e2e19fbe7d041c75", "testCaseId": "76746e255e8591fe61fc4985091fde8e", "fullName": "tests.test_create_order.TestCreateOrder#test_create_order", "labels": [{"name": "parentSuite", "value": "tests"}, {"name": "suite", "value": "test_create_order"}, {"name": "subSuite", "value": "TestCreateOrder"}, {"name": "host", "value": "LAPTOP-74V5TFPG"}, {"name": "thread", "value": "17016-MainThread"}, {"name": "framework", "value": "pytest"}, {"name": "language", "value": "cpython3"}, {"name": "package", "value": "tests.test_create_order"}]}